<component name="libraryTable">
  <library name="junit-3.8.2">
    <CLASSES>
      <root url="jar://$PROJECT_DIR$/../repository/junit/junit/3.8.2/junit-3.8.2.jar!/" />
    </CLASSES>
    <JAVADOC />
    <SOURCES />
  </library>
</component>